<?xml version="1.0" encoding="UTF-8"?>
<!-- Generated by org.testng.reporters.JUnitReportReporter -->
<testsuite skipped="0" hostname="SR-HP" name="testCase.GET_Or_Read_All_Products" tests="1" failures="0" timestamp="09 Mar 2021 02:34:45 GMT" time="1.617" errors="0">
  <testcase name="read_All_Products" time="1.617" classname="testCase.GET_Or_Read_All_Products"/>
</testsuite> <!-- testCase.GET_Or_Read_All_Products -->
