<?xml version="1.0" encoding="UTF-8"?>
<!-- Generated by org.testng.reporters.JUnitReportReporter -->
<testsuite skipped="0" hostname="SR-HP" name="testCase.Read_A_Product" tests="1" failures="0" timestamp="09 Mar 2021 02:35:51 GMT" time="1.815" errors="0">
  <testcase name="read_A_Products" time="1.815" classname="testCase.Read_A_Product"/>
</testsuite> <!-- testCase.Read_A_Product -->
