<?xml version="1.0" encoding="UTF-8"?>
<!-- Generated by org.testng.reporters.JUnitReportReporter -->
<testsuite skipped="0" hostname="SR-HP" name="testCase.POST_Or_Create_A_Product" tests="1" failures="0" timestamp="09 Mar 2021 01:59:20 GMT" time="1.934" errors="0">
  <testcase name="read_All_Products" time="1.934" classname="testCase.POST_Or_Create_A_Product"/>
</testsuite> <!-- testCase.POST_Or_Create_A_Product -->
